<?xml version="1.0" encoding="UTF-8" ?>
<testsuite failures="0" time="0.019" errors="0" skipped="0" tests="1" name="com.logicstyle.insider.AppTest">
  <properties>
    <property name="java.runtime.name" value="Java(TM) SE Runtime Environment"/>
    <property name="sun.boot.library.path" value="/System/Library/Java/JavaVirtualMachines/1.6.0.jdk/Contents/Libraries"/>
    <property name="java.vm.version" value="20.4-b02-402"/>
    <property name="awt.nativeDoubleBuffering" value="true"/>
    <property name="gopherProxySet" value="false"/>
    <property name="mrj.build" value="10M3527"/>
    <property name="java.vm.vendor" value="Apple Inc."/>
    <property name="java.vendor.url" value="http://www.apple.com/"/>
    <property name="path.separator" value=":"/>
    <property name="java.vm.name" value="Java HotSpot(TM) 64-Bit Server VM"/>
    <property name="file.encoding.pkg" value="sun.io"/>
    <property name="user.country" value="US"/>
    <property name="sun.java.launcher" value="SUN_STANDARD"/>
    <property name="sun.os.patch.level" value="unknown"/>
    <property name="java.vm.specification.name" value="Java Virtual Machine Specification"/>
    <property name="user.dir" value="/Users/juliano/Development/samplr"/>
    <property name="java.runtime.version" value="1.6.0_29-b11-402-10M3527"/>
    <property name="java.awt.graphicsenv" value="apple.awt.CGraphicsEnvironment"/>
    <property name="basedir" value="/Users/juliano/Development/samplr"/>
    <property name="java.endorsed.dirs" value="/System/Library/Java/JavaVirtualMachines/1.6.0.jdk/Contents/Home/lib/endorsed"/>
    <property name="os.arch" value="x86_64"/>
    <property name="surefire.real.class.path" value="/Users/juliano/Development/samplr/target/surefire/surefirebooter1094457251595512901.jar"/>
    <property name="java.io.tmpdir" value="/var/folders/gV/gV5MB9UTFNuJuJRzFBZ-w++++TI/-Tmp-/"/>
    <property name="line.separator" value="
"/>
    <property name="java.vm.specification.vendor" value="Sun Microsystems Inc."/>
    <property name="os.name" value="Mac OS X"/>
    <property name="sun.jnu.encoding" value="MacRoman"/>
    <property name="java.library.path" value=".:/Library/Java/Extensions:/System/Library/Java/Extensions:/usr/lib/java"/>
    <property name="surefire.test.class.path" value="/Users/juliano/Development/samplr/target/test-classes:/Users/juliano/Development/samplr/target/classes:/Users/juliano/.m2/repository/junit/junit/3.8.1/junit-3.8.1.jar:/Users/juliano/.m2/repository/org/netbeans/modules/org-netbeans-lib-profiler/RELEASE712/org-netbeans-lib-profiler-RELEASE712.jar:/Users/juliano/.m2/repository/org/netbeans/modules/org-netbeans-modules-profiler/RELEASE712/org-netbeans-modules-profiler-RELEASE712.jar:/Users/juliano/.m2/repository/org/netbeans/api/org-netbeans-api-progress/RELEASE712/org-netbeans-api-progress-RELEASE712.jar:/Users/juliano/.m2/repository/org/netbeans/modules/org-netbeans-lib-profiler-common/RELEASE712/org-netbeans-lib-profiler-common-RELEASE712.jar:/Users/juliano/.m2/repository/org/netbeans/modules/org-netbeans-lib-profiler-ui/RELEASE712/org-netbeans-lib-profiler-ui-RELEASE712.jar:/Users/juliano/.m2/repository/org/netbeans/modules/org-netbeans-lib-profiler-charts/RELEASE712/org-netbeans-lib-profiler-charts-RELEASE712.jar:/Users/juliano/.m2/repository/org/netbeans/api/org-netbeans-modules-editor-mimelookup/RELEASE712/org-netbeans-modules-editor-mimelookup-RELEASE712.jar:/Users/juliano/.m2/repository/org/netbeans/modules/org-netbeans-modules-profiler-api/RELEASE712/org-netbeans-modules-profiler-api-RELEASE712.jar:/Users/juliano/.m2/repository/org/netbeans/modules/org-netbeans-modules-profiler-attach/RELEASE712/org-netbeans-modules-profiler-attach-RELEASE712.jar:/Users/juliano/.m2/repository/org/netbeans/modules/org-netbeans-modules-profiler-selector-api/RELEASE712/org-netbeans-modules-profiler-selector-api-RELEASE712.jar:/Users/juliano/.m2/repository/org/netbeans/modules/org-netbeans-modules-profiler-selector-ui/RELEASE712/org-netbeans-modules-profiler-selector-ui-RELEASE712.jar:/Users/juliano/.m2/repository/org/netbeans/modules/org-netbeans-modules-profiler-utilities/RELEASE712/org-netbeans-modules-profiler-utilities-RELEASE712.jar:/Users/juliano/.m2/repository/org/netbeans/api/org-openide-actions/RELEASE712/org-openide-actions-RELEASE712.jar:/Users/juliano/.m2/repository/org/netbeans/api/org-openide-explorer/RELEASE712/org-openide-explorer-RELEASE712.jar:/Users/juliano/.m2/repository/org/netbeans/api/org-netbeans-swing-outline/RELEASE712/org-netbeans-swing-outline-RELEASE712.jar:/Users/juliano/.m2/repository/org/netbeans/api/org-netbeans-swing-tabcontrol/RELEASE712/org-netbeans-swing-tabcontrol-RELEASE712.jar:/Users/juliano/.m2/repository/org/netbeans/api/org-openide-text/RELEASE712/org-openide-text-RELEASE712.jar:/Users/juliano/.m2/repository/org/netbeans/api/org-openide-awt/RELEASE712/org-openide-awt-RELEASE712.jar:/Users/juliano/.m2/repository/org/netbeans/api/org-openide-dialogs/RELEASE712/org-openide-dialogs-RELEASE712.jar:/Users/juliano/.m2/repository/org/netbeans/api/org-openide-filesystems/RELEASE712/org-openide-filesystems-RELEASE712.jar:/Users/juliano/.m2/repository/org/netbeans/api/org-openide-loaders/RELEASE712/org-openide-loaders-RELEASE712.jar:/Users/juliano/.m2/repository/org/netbeans/api/org-netbeans-api-annotations-common/RELEASE712/org-netbeans-api-annotations-common-RELEASE712.jar:/Users/juliano/.m2/repository/org/netbeans/api/org-netbeans-modules-queries/RELEASE712/org-netbeans-modules-queries-RELEASE712.jar:/Users/juliano/.m2/repository/org/netbeans/api/org-openide-modules/RELEASE712/org-openide-modules-RELEASE712.jar:/Users/juliano/.m2/repository/org/netbeans/api/org-openide-nodes/RELEASE712/org-openide-nodes-RELEASE712.jar:/Users/juliano/.m2/repository/org/netbeans/api/org-openide-util/RELEASE712/org-openide-util-RELEASE712.jar:/Users/juliano/.m2/repository/org/netbeans/api/org-openide-util-lookup/RELEASE712/org-openide-util-lookup-RELEASE712.jar:/Users/juliano/.m2/repository/org/netbeans/api/org-openide-windows/RELEASE712/org-openide-windows-RELEASE712.jar:/Users/juliano/.m2/repository/org/netbeans/external/org-netbeans-modules-profiler/RELEASE712/org-netbeans-modules-profiler-RELEASE712.jar:"/>
    <property name="java.specification.name" value="Java Platform API Specification"/>
    <property name="java.class.version" value="50.0"/>
    <property name="sun.management.compiler" value="HotSpot 64-Bit Tiered Compilers"/>
    <property name="os.version" value="10.6.8"/>
    <property name="http.nonProxyHosts" value="local|*.local|169.254/16|*.169.254/16|synos.com.br|*.synos.com.br|acs.com.br|*.acs.com.br"/>
    <property name="user.home" value="/Users/juliano"/>
    <property name="user.timezone" value=""/>
    <property name="java.awt.printerjob" value="apple.awt.CPrinterJob"/>
    <property name="java.specification.version" value="1.6"/>
    <property name="file.encoding" value="MacRoman"/>
    <property name="user.name" value="juliano"/>
    <property name="java.class.path" value="/Users/juliano/Development/samplr/target/test-classes:/Users/juliano/Development/samplr/target/classes:/Users/juliano/.m2/repository/junit/junit/3.8.1/junit-3.8.1.jar:/Users/juliano/.m2/repository/org/netbeans/modules/org-netbeans-lib-profiler/RELEASE712/org-netbeans-lib-profiler-RELEASE712.jar:/Users/juliano/.m2/repository/org/netbeans/modules/org-netbeans-modules-profiler/RELEASE712/org-netbeans-modules-profiler-RELEASE712.jar:/Users/juliano/.m2/repository/org/netbeans/api/org-netbeans-api-progress/RELEASE712/org-netbeans-api-progress-RELEASE712.jar:/Users/juliano/.m2/repository/org/netbeans/modules/org-netbeans-lib-profiler-common/RELEASE712/org-netbeans-lib-profiler-common-RELEASE712.jar:/Users/juliano/.m2/repository/org/netbeans/modules/org-netbeans-lib-profiler-ui/RELEASE712/org-netbeans-lib-profiler-ui-RELEASE712.jar:/Users/juliano/.m2/repository/org/netbeans/modules/org-netbeans-lib-profiler-charts/RELEASE712/org-netbeans-lib-profiler-charts-RELEASE712.jar:/Users/juliano/.m2/repository/org/netbeans/api/org-netbeans-modules-editor-mimelookup/RELEASE712/org-netbeans-modules-editor-mimelookup-RELEASE712.jar:/Users/juliano/.m2/repository/org/netbeans/modules/org-netbeans-modules-profiler-api/RELEASE712/org-netbeans-modules-profiler-api-RELEASE712.jar:/Users/juliano/.m2/repository/org/netbeans/modules/org-netbeans-modules-profiler-attach/RELEASE712/org-netbeans-modules-profiler-attach-RELEASE712.jar:/Users/juliano/.m2/repository/org/netbeans/modules/org-netbeans-modules-profiler-selector-api/RELEASE712/org-netbeans-modules-profiler-selector-api-RELEASE712.jar:/Users/juliano/.m2/repository/org/netbeans/modules/org-netbeans-modules-profiler-selector-ui/RELEASE712/org-netbeans-modules-profiler-selector-ui-RELEASE712.jar:/Users/juliano/.m2/repository/org/netbeans/modules/org-netbeans-modules-profiler-utilities/RELEASE712/org-netbeans-modules-profiler-utilities-RELEASE712.jar:/Users/juliano/.m2/repository/org/netbeans/api/org-openide-actions/RELEASE712/org-openide-actions-RELEASE712.jar:/Users/juliano/.m2/repository/org/netbeans/api/org-openide-explorer/RELEASE712/org-openide-explorer-RELEASE712.jar:/Users/juliano/.m2/repository/org/netbeans/api/org-netbeans-swing-outline/RELEASE712/org-netbeans-swing-outline-RELEASE712.jar:/Users/juliano/.m2/repository/org/netbeans/api/org-netbeans-swing-tabcontrol/RELEASE712/org-netbeans-swing-tabcontrol-RELEASE712.jar:/Users/juliano/.m2/repository/org/netbeans/api/org-openide-text/RELEASE712/org-openide-text-RELEASE712.jar:/Users/juliano/.m2/repository/org/netbeans/api/org-openide-awt/RELEASE712/org-openide-awt-RELEASE712.jar:/Users/juliano/.m2/repository/org/netbeans/api/org-openide-dialogs/RELEASE712/org-openide-dialogs-RELEASE712.jar:/Users/juliano/.m2/repository/org/netbeans/api/org-openide-filesystems/RELEASE712/org-openide-filesystems-RELEASE712.jar:/Users/juliano/.m2/repository/org/netbeans/api/org-openide-loaders/RELEASE712/org-openide-loaders-RELEASE712.jar:/Users/juliano/.m2/repository/org/netbeans/api/org-netbeans-api-annotations-common/RELEASE712/org-netbeans-api-annotations-common-RELEASE712.jar:/Users/juliano/.m2/repository/org/netbeans/api/org-netbeans-modules-queries/RELEASE712/org-netbeans-modules-queries-RELEASE712.jar:/Users/juliano/.m2/repository/org/netbeans/api/org-openide-modules/RELEASE712/org-openide-modules-RELEASE712.jar:/Users/juliano/.m2/repository/org/netbeans/api/org-openide-nodes/RELEASE712/org-openide-nodes-RELEASE712.jar:/Users/juliano/.m2/repository/org/netbeans/api/org-openide-util/RELEASE712/org-openide-util-RELEASE712.jar:/Users/juliano/.m2/repository/org/netbeans/api/org-openide-util-lookup/RELEASE712/org-openide-util-lookup-RELEASE712.jar:/Users/juliano/.m2/repository/org/netbeans/api/org-openide-windows/RELEASE712/org-openide-windows-RELEASE712.jar:/Users/juliano/.m2/repository/org/netbeans/external/org-netbeans-modules-profiler/RELEASE712/org-netbeans-modules-profiler-RELEASE712.jar:"/>
    <property name="java.vm.specification.version" value="1.0"/>
    <property name="sun.arch.data.model" value="64"/>
    <property name="java.home" value="/System/Library/Java/JavaVirtualMachines/1.6.0.jdk/Contents/Home"/>
    <property name="sun.java.command" value="/Users/juliano/Development/samplr/target/surefire/surefirebooter1094457251595512901.jar /Users/juliano/Development/samplr/target/surefire/surefire1374733182305391688tmp /Users/juliano/Development/samplr/target/surefire/surefire4333114976113454543tmp"/>
    <property name="java.specification.vendor" value="Sun Microsystems Inc."/>
    <property name="user.language" value="en"/>
    <property name="awt.toolkit" value="apple.awt.CToolkit"/>
    <property name="java.vm.info" value="mixed mode"/>
    <property name="java.version" value="1.6.0_29"/>
    <property name="java.ext.dirs" value="/Library/Java/Extensions:/System/Library/Java/Extensions:/System/Library/Java/JavaVirtualMachines/1.6.0.jdk/Contents/Home/lib/ext"/>
    <property name="sun.boot.class.path" value="/System/Library/Java/JavaVirtualMachines/1.6.0.jdk/Contents/Classes/jsfd.jar:/System/Library/Java/JavaVirtualMachines/1.6.0.jdk/Contents/Classes/classes.jar:/System/Library/Frameworks/JavaVM.framework/Frameworks/JavaRuntimeSupport.framework/Resources/Java/JavaRuntimeSupport.jar:/System/Library/Java/JavaVirtualMachines/1.6.0.jdk/Contents/Classes/ui.jar:/System/Library/Java/JavaVirtualMachines/1.6.0.jdk/Contents/Classes/laf.jar:/System/Library/Java/JavaVirtualMachines/1.6.0.jdk/Contents/Classes/sunrsasign.jar:/System/Library/Java/JavaVirtualMachines/1.6.0.jdk/Contents/Classes/jsse.jar:/System/Library/Java/JavaVirtualMachines/1.6.0.jdk/Contents/Classes/jce.jar:/System/Library/Java/JavaVirtualMachines/1.6.0.jdk/Contents/Classes/charsets.jar"/>
    <property name="java.vendor" value="Apple Inc."/>
    <property name="localRepository" value="/Users/juliano/.m2/repository"/>
    <property name="file.separator" value="/"/>
    <property name="java.vendor.url.bug" value="http://bugreport.apple.com/"/>
    <property name="sun.cpu.endian" value="little"/>
    <property name="sun.io.unicode.encoding" value="UnicodeLittle"/>
    <property name="mrj.version" value="1060.1.6.0_29-402"/>
    <property name="socksNonProxyHosts" value="local|*.local|169.254/16|*.169.254/16|synos.com.br|*.synos.com.br|acs.com.br|*.acs.com.br"/>
    <property name="ftp.nonProxyHosts" value="local|*.local|169.254/16|*.169.254/16|synos.com.br|*.synos.com.br|acs.com.br|*.acs.com.br"/>
    <property name="sun.cpu.isalist" value=""/>
  </properties>
  <testcase time="0.002" classname="com.logicstyle.insider.AppTest" name="testApp"/>
</testsuite>